<?xml version="1.0" encoding="UTF-8"?>
<!-- Generated by org.testng.reporters.JUnitXMLReporter -->
<testsuite ignored="0" hostname="DESKTOP-HMIMJNE" failures="0" tests="3" name="Default test" time="41.591" errors="0" timestamp="2024-08-30T12:27:19 IST">
  <testcase classname="com.myshop.testcases.LogInPageTest" name="loginPageTitile" time="0.029"/>
  <testcase classname="com.myshop.testcases.LogInPageTest" name="myshopImgTest" time="0.048"/>
  <testcase classname="com.myshop.testcases.LogInPageTest" name="logInTest" time="5.922"/>
</testsuite> <!-- Default test -->
