<?xml version="1.0" encoding="UTF-8"?>
<testng-results ignored="0" total="3" passed="3" failed="0" skipped="0">
  <reporter-output>
  </reporter-output>
  <suite started-at="2024-10-06T23:12:08 IST" name="TestNG Group Test" finished-at="2024-10-06T23:12:08 IST" duration-ms="138">
    <groups>
      <group name="group2">
        <method signature="groupingTest.Test1()[pri:0, instance:TestNg.groupingTest@53aac487]" name="Test1" class="TestNg.groupingTest"/>
        <method signature="groupingTest.Test2()[pri:0, instance:TestNg.groupingTest@53aac487]" name="Test2" class="TestNg.groupingTest"/>
      </group> <!-- group2 -->
      <group name="group1">
        <method signature="groupingTest.Test1()[pri:0, instance:TestNg.groupingTest@53aac487]" name="Test1" class="TestNg.groupingTest"/>
        <method signature="groupingTest.Test3()[pri:0, instance:TestNg.groupingTest@53aac487]" name="Test3" class="TestNg.groupingTest"/>
      </group> <!-- group1 -->
    </groups>
    <test started-at="2024-10-06T23:12:08 IST" name="groupingTest" finished-at="2024-10-06T23:12:08 IST" duration-ms="138">
      <class name="TestNg.groupingTest">
        <test-method signature="Test1()[pri:0, instance:TestNg.groupingTest@53aac487]" started-at="2024-10-06T23:12:08 IST" name="Test1" finished-at="2024-10-06T23:12:08 IST" duration-ms="36" status="PASS">
          <reporter-output>
          </reporter-output>
        </test-method> <!-- Test1 -->
        <test-method signature="Test2()[pri:0, instance:TestNg.groupingTest@53aac487]" started-at="2024-10-06T23:12:08 IST" name="Test2" finished-at="2024-10-06T23:12:08 IST" duration-ms="18" status="PASS">
          <reporter-output>
          </reporter-output>
        </test-method> <!-- Test2 -->
        <test-method signature="Test3()[pri:0, instance:TestNg.groupingTest@53aac487]" started-at="2024-10-06T23:12:08 IST" name="Test3" finished-at="2024-10-06T23:12:08 IST" duration-ms="7" status="PASS">
          <reporter-output>
          </reporter-output>
        </test-method> <!-- Test3 -->
      </class> <!-- TestNg.groupingTest -->
    </test> <!-- groupingTest -->
  </suite> <!-- TestNG Group Test -->
</testng-results>
